[oraclert] selefcm timeout: 6500[oraclert] started
=== RUN   TestCheckpointSeriesReset
[oraclert] already started, return existing entry.
=== RUN   TestCheckpointSeriesReset/compress=false
    watcher_test.go:578: function returned false
    watcher_test.go:581: 
        	Error Trace:	watcher_test.go:581
        	Error:      	Not equal: 
        	            	expected: 20
        	            	actual  : 3
        	Test:       	TestCheckpointSeriesReset/compress=false
=== RUN   TestCheckpointSeriesReset/compress=true
    watcher_test.go:578: function returned false
    watcher_test.go:581: 
        	Error Trace:	watcher_test.go:581
        	Error:      	Not equal: 
        	            	expected: 20
        	            	actual  : 4
        	Test:       	TestCheckpointSeriesReset/compress=true
[oraclert]: AfterRun
[oraclert]: AfterRunFuzz
[oraclert]: 3 selects
[oraclert]: CheckBugEnd...
End of unit test. Check bugs

-----NO BLOCKING


---Stack:
goroutine 6 [running]:
runtime.DumpAllStack()
	/usr/local/go/src/runtime/myoracle_tmp.go:207 +0x85
gfuzz/pkg/oraclert.AfterRunFuzz(0xc00000ca38)
	/usr/local/go/src/gfuzz/pkg/oraclert/oracle.go:369 +0xfd
gfuzz/pkg/oraclert.AfterRun(0xc00000ca38)
	/usr/local/go/src/gfuzz/pkg/oraclert/oracle.go:322 +0x73
github.com/prometheus/prometheus/tsdb/wal.TestCheckpointSeriesReset(0xc0002a7400)
	/fuzz/target/tsdb/wal/watcher_test.go:601 +0x1e7
testing.tRunner(0xc0002a7400, 0x8d3150)
	/usr/local/go/src/testing/testing.go:1193 +0xef
created by testing.(*T).Run
	/usr/local/go/src/testing/testing.go:1238 +0x2b5

goroutine 1 [chan receive]:
testing.(*T).Run(0xc0002a7400, 0x8bdde1, 0x19, 0x8d3150, 0x49a901)
	/usr/local/go/src/testing/testing.go:1239 +0x2dc
testing.runTests.func1(0xc0002a7180)
	/usr/local/go/src/testing/testing.go:1511 +0x78
testing.tRunner(0xc0002a7180, 0xc000187cc8)
	/usr/local/go/src/testing/testing.go:1193 +0xef
testing.runTests(0xc00000ca50, 0xb90ec0, 0x17, 0x17, 0xc1cc44fdb3e785b5, 0x6fcb6f334, 0xb98bc0, 0xc00028e2c8)
	/usr/local/go/src/testing/testing.go:1509 +0x305
testing.(*M).Run(0xc0002f2340, 0x0)
	/usr/local/go/src/testing/testing.go:1417 +0x1eb
go.uber.org/goleak.VerifyTestMain(0x93d320, 0xc0002f2340, 0x0, 0x0, 0x0)
	/go/pkg/mod/go.uber.org/goleak@v1.1.10/testmain.go:53 +0x38
github.com/prometheus/prometheus/tsdb/wal.TestMain(0xc0002f2340)
	/fuzz/target/tsdb/wal/wal_test.go:43 +0x78
main.main()
	_testmain.go:93 +0x165

goroutine 30 [select]:
github.com/prometheus/prometheus/tsdb/wal.(*Watcher).loop(0xc0002220e0)
	/fuzz/target/tsdb/wal/watcher.go:245 +0x65c
created by github.com/prometheus/prometheus/tsdb/wal.(*Watcher).Start
	/fuzz/target/tsdb/wal/watcher.go:179 +0x1c5

goroutine 15 [select]:
github.com/prometheus/prometheus/tsdb/wal.(*Watcher).watch(0xc0002221c0, 0x1, 0x0, 0x0, 0x0)
	/fuzz/target/tsdb/wal/watcher.go:572 +0x1629
github.com/prometheus/prometheus/tsdb/wal.(*Watcher).Run(0xc0002221c0, 0xc1cc44f8c46682f3, 0x260b99e33)
	/fuzz/target/tsdb/wal/watcher.go:292 +0x745
github.com/prometheus/prometheus/tsdb/wal.(*Watcher).loop(0xc0002221c0)
	/fuzz/target/tsdb/wal/watcher.go:213 +0x105
created by github.com/prometheus/prometheus/tsdb/wal.(*Watcher).Start
	/fuzz/target/tsdb/wal/watcher.go:179 +0x1c5

--- FAIL: TestCheckpointSeriesReset (20.32s)
    --- FAIL: TestCheckpointSeriesReset/compress=false (10.16s)
    --- FAIL: TestCheckpointSeriesReset/compress=true (10.16s)
FAIL
