[oraclert] selefcm timeout: 5500[oraclert] started
=== RUN   TestCheckpointSeriesReset
[oraclert] already started, return existing entry.
=== RUN   TestCheckpointSeriesReset/compress=false
    watcher_test.go:578: function returned false
    watcher_test.go:581: 
        	Error Trace:	watcher_test.go:581
        	Error:      	Not equal: 
        	            	expected: 20
        	            	actual  : 3
        	Test:       	TestCheckpointSeriesReset/compress=false
=== RUN   TestCheckpointSeriesReset/compress=true
    watcher_test.go:578: function returned false
    watcher_test.go:581: 
        	Error Trace:	watcher_test.go:581
        	Error:      	Not equal: 
        	            	expected: 20
        	            	actual  : 4
        	Test:       	TestCheckpointSeriesReset/compress=true
[oraclert]: AfterRun
[oraclert]: AfterRunFuzz
[oraclert]: 3 selects
[oraclert]: CheckBugEnd...
End of unit test. Check bugs

-----NO BLOCKING


---Stack:
goroutine 36 [running]:
runtime.DumpAllStack()
	/usr/local/go/src/runtime/myoracle_tmp.go:207 +0x85
gfuzz/pkg/oraclert.AfterRunFuzz(0xc0000b8060)
	/usr/local/go/src/gfuzz/pkg/oraclert/oracle.go:369 +0xfd
gfuzz/pkg/oraclert.AfterRun(0xc0000b8060)
	/usr/local/go/src/gfuzz/pkg/oraclert/oracle.go:322 +0x73
github.com/prometheus/prometheus/tsdb/wal.TestCheckpointSeriesReset(0xc0000d6500)
	/fuzz/target/tsdb/wal/watcher_test.go:601 +0x1e7
testing.tRunner(0xc0000d6500, 0x8d3150)
	/usr/local/go/src/testing/testing.go:1193 +0xef
created by testing.(*T).Run
	/usr/local/go/src/testing/testing.go:1238 +0x2b5

goroutine 1 [chan receive]:
testing.(*T).Run(0xc0000d6500, 0x8bdde1, 0x19, 0x8d3150, 0x49a901)
	/usr/local/go/src/testing/testing.go:1239 +0x2dc
testing.runTests.func1(0xc0000d6280)
	/usr/local/go/src/testing/testing.go:1511 +0x78
testing.tRunner(0xc0000d6280, 0xc0001ebcc8)
	/usr/local/go/src/testing/testing.go:1193 +0xef
testing.runTests(0xc0000b8078, 0xb90ec0, 0x17, 0x17, 0xc1cc43ad4edc3887, 0x704a26ff4, 0xb98bc0, 0xc0000b0088)
	/usr/local/go/src/testing/testing.go:1509 +0x305
testing.(*M).Run(0xc0000be680, 0x0)
	/usr/local/go/src/testing/testing.go:1417 +0x1eb
go.uber.org/goleak.VerifyTestMain(0x93d320, 0xc0000be680, 0x0, 0x0, 0x0)
	/go/pkg/mod/go.uber.org/goleak@v1.1.10/testmain.go:53 +0x38
github.com/prometheus/prometheus/tsdb/wal.TestMain(0xc0000be680)
	/fuzz/target/tsdb/wal/wal_test.go:43 +0x78
main.main()
	_testmain.go:93 +0x165

goroutine 16 [select]:
github.com/prometheus/prometheus/tsdb/wal.(*Watcher).loop(0xc0002880e0)
	/fuzz/target/tsdb/wal/watcher.go:233 +0x459
created by github.com/prometheus/prometheus/tsdb/wal.(*Watcher).Start
	/fuzz/target/tsdb/wal/watcher.go:179 +0x1c5

goroutine 83 [select]:
github.com/prometheus/prometheus/tsdb/wal.(*Watcher).watch(0xc0002881c0, 0x1, 0x0, 0x0, 0x0)
	/fuzz/target/tsdb/wal/watcher.go:410 +0x45f
github.com/prometheus/prometheus/tsdb/wal.(*Watcher).Run(0xc0002881c0, 0xc1cc43a85b11d85f, 0x268c40813)
	/fuzz/target/tsdb/wal/watcher.go:292 +0x745
github.com/prometheus/prometheus/tsdb/wal.(*Watcher).loop(0xc0002881c0)
	/fuzz/target/tsdb/wal/watcher.go:213 +0x105
created by github.com/prometheus/prometheus/tsdb/wal.(*Watcher).Start
	/fuzz/target/tsdb/wal/watcher.go:179 +0x1c5

--- FAIL: TestCheckpointSeriesReset (20.32s)
    --- FAIL: TestCheckpointSeriesReset/compress=false (10.16s)
    --- FAIL: TestCheckpointSeriesReset/compress=true (10.16s)
FAIL
