[oraclert] selefcm timeout: 3500[oraclert] started
=== RUN   TestReadToEndWithCheckpoint
[oraclert] already started, return existing entry.
=== RUN   TestReadToEndWithCheckpoint/compress=false
-----New Blocking Bug:
---Primitive location:
/fuzz/target/tsdb/wal/wal.go:286
---Primitive pointer:
0xc0000644c0
-----End Bug

-----Withdraw prim:0xc0000644c0
    watcher_test.go:349: function returned false
    watcher_test.go:353: 
        	Error Trace:	watcher_test.go:353
        	Error:      	Not equal: 
        	            	expected: 20
        	            	actual  : 12
        	Test:       	TestReadToEndWithCheckpoint/compress=false
=== RUN   TestReadToEndWithCheckpoint/compress=true
-----New Blocking Bug:
---Primitive location:
/fuzz/target/tsdb/wal/wal.go:286
---Primitive pointer:
0xc0002ae580
-----End Bug

-----Withdraw prim:0xc0002ae580
    watcher_test.go:349: function returned false
    watcher_test.go:353: 
        	Error Trace:	watcher_test.go:353
        	Error:      	Not equal: 
        	            	expected: 20
        	            	actual  : 14
        	Test:       	TestReadToEndWithCheckpoint/compress=true
[oraclert]: AfterRun
[oraclert]: AfterRunFuzz
[oraclert]: 3 selects
[oraclert]: CheckBugEnd...
End of unit test. Check bugs

-----NO BLOCKING


-----Withdraw prim:0xc0000644c0

-----Withdraw prim:0xc0002ae580

---Stack:
goroutine 22 [running]:
runtime.DumpAllStack()
	/usr/local/go/src/runtime/myoracle_tmp.go:207 +0x85
gfuzz/pkg/oraclert.AfterRunFuzz(0xc00013a870)
	/usr/local/go/src/gfuzz/pkg/oraclert/oracle.go:369 +0xfd
gfuzz/pkg/oraclert.AfterRun(0xc00013a870)
	/usr/local/go/src/gfuzz/pkg/oraclert/oracle.go:322 +0x73
github.com/prometheus/prometheus/tsdb/wal.TestReadToEndWithCheckpoint(0xc000216c80)
	/fuzz/target/tsdb/wal/watcher_test.go:356 +0x1ab
testing.tRunner(0xc000216c80, 0x8d3250)
	/usr/local/go/src/testing/testing.go:1193 +0xef
created by testing.(*T).Run
	/usr/local/go/src/testing/testing.go:1238 +0x2b5

goroutine 1 [chan receive]:
testing.(*T).Run(0xc000216c80, 0x8becac, 0x1b, 0x8d3250, 0x49a901)
	/usr/local/go/src/testing/testing.go:1239 +0x2dc
testing.runTests.func1(0xc000216a00)
	/usr/local/go/src/testing/testing.go:1511 +0x78
testing.tRunner(0xc000216a00, 0xc00016bcc8)
	/usr/local/go/src/testing/testing.go:1193 +0xef
testing.runTests(0xc00013a888, 0xb90ec0, 0x17, 0x17, 0xc1cc425ab38d4bba, 0x6fcae969d, 0xb98bc0, 0xc00012d1c8)
	/usr/local/go/src/testing/testing.go:1509 +0x305
testing.(*M).Run(0xc00020ec30, 0x0)
	/usr/local/go/src/testing/testing.go:1417 +0x1eb
go.uber.org/goleak.VerifyTestMain(0x93d320, 0xc00020ec30, 0x0, 0x0, 0x0)
	/go/pkg/mod/go.uber.org/goleak@v1.1.10/testmain.go:53 +0x38
github.com/prometheus/prometheus/tsdb/wal.TestMain(0xc00020ec30)
	/fuzz/target/tsdb/wal/wal_test.go:43 +0x78
main.main()
	_testmain.go:93 +0x165

--- FAIL: TestReadToEndWithCheckpoint (27.30s)
    --- FAIL: TestReadToEndWithCheckpoint/compress=false (13.65s)
    --- FAIL: TestReadToEndWithCheckpoint/compress=true (13.65s)
FAIL
