[oraclert] selefcm timeout: 1500[oraclert] started
=== RUN   TestTargetUpdatesOrder
[oraclert] already started, return existing entry.
=== RUN   TestTargetUpdatesOrder/Single_TP_no_updates
=== RUN   TestTargetUpdatesOrder/Multiple_TPs_no_updates
=== RUN   TestTargetUpdatesOrder/Single_TP_empty_initials
=== RUN   TestTargetUpdatesOrder/Multiple_TPs_empty_initials
=== RUN   TestTargetUpdatesOrder/Single_TP_initials_only
=== RUN   TestTargetUpdatesOrder/Multiple_TPs_initials_only
=== RUN   TestTargetUpdatesOrder/Single_TP_initials_followed_by_empty_updates
=== RUN   TestTargetUpdatesOrder/Single_TP_initials_and_new_groups
=== RUN   TestTargetUpdatesOrder/Multiple_TPs_initials_and_new_groups
    manager_test.go:701: 
        	Error Trace:	manager_test.go:768
        	            				manager_test.go:701
        	Error:      	Not equal: 
        	            	expected: []*targetgroup.Group{(*targetgroup.Group)(0xc0000d80c0), (*targetgroup.Group)(0xc0000d8120), (*targetgroup.Group)(0xc0000d8180), (*targetgroup.Group)(0xc0000d81e0), (*targetgroup.Group)(0xc0000d8240), (*targetgroup.Group)(0xc0000d82a0)}
        	            	actual  : []*targetgroup.Group{(*targetgroup.Group)(0xc0000a4360), (*targetgroup.Group)(0xc0000a4390), (*targetgroup.Group)(0xc0000a43c0), (*targetgroup.Group)(0xc0000a43f0), (*targetgroup.Group)(0xc0000a4420), (*targetgroup.Group)(0xc0000a4450)}
        	            	
        	            	Diff:
        	            	--- Expected
        	            	+++ Actual
        	            	@@ -22,2 +22,20 @@
        	            	    (model.LabelSet) (len=1) {
        	            	+    (model.LabelName) (len=12) "__instance__": (model.LabelValue) (len=1) "3"
        	            	+   }
        	            	+  },
        	            	+  Labels: (model.LabelSet) <nil>,
        	            	+  Source: (string) (len=10) "tp1_group3"
        	            	+ }),
        	            	+ (*targetgroup.Group)({
        	            	+  Targets: ([]model.LabelSet) (len=1) {
        	            	+   (model.LabelSet) (len=1) {
        	            	+    (model.LabelName) (len=12) "__instance__": (model.LabelValue) (len=1) "4"
        	            	+   }
        	            	+  },
        	            	+  Labels: (model.LabelSet) <nil>,
        	            	+  Source: (string) (len=10) "tp1_group4"
        	            	+ }),
        	            	+ (*targetgroup.Group)({
        	            	+  Targets: ([]model.LabelSet) (len=1) {
        	            	+   (model.LabelSet) (len=1) {
        	            	     (model.LabelName) (len=12) "__instance__": (model.LabelValue) (len=1) "5"
        	            	@@ -36,20 +54,2 @@
        	            	   Source: (string) (len=10) "tp2_group2"
        	            	- }),
        	            	- (*targetgroup.Group)({
        	            	-  Targets: ([]model.LabelSet) (len=1) {
        	            	-   (model.LabelSet) (len=1) {
        	            	-    (model.LabelName) (len=12) "__instance__": (model.LabelValue) (len=1) "7"
        	            	-   }
        	            	-  },
        	            	-  Labels: (model.LabelSet) <nil>,
        	            	-  Source: (string) (len=10) "tp2_group3"
        	            	- }),
        	            	- (*targetgroup.Group)({
        	            	-  Targets: ([]model.LabelSet) (len=1) {
        	            	-   (model.LabelSet) (len=1) {
        	            	-    (model.LabelName) (len=12) "__instance__": (model.LabelValue) (len=1) "8"
        	            	-   }
        	            	-  },
        	            	-  Labels: (model.LabelSet) <nil>,
        	            	-  Source: (string) (len=10) "tp2_group4"
        	            	  })
        	Test:       	TestTargetUpdatesOrder/Multiple_TPs_initials_and_new_groups
=== RUN   TestTargetUpdatesOrder/One_TP_initials_arrive_after_other_TP_updates.
-----New Blocking Bug:
---Primitive location:
/fuzz/target/discovery/manager_test.go:679
---Primitive pointer:
0xc000118940
-----End Bug
    manager_test.go:701: 
        	Error Trace:	manager_test.go:768
        	            				manager_test.go:701
        	Error:      	Not equal: 
        	            	expected: []*targetgroup.Group{(*targetgroup.Group)(0xc0000d86c0), (*targetgroup.Group)(0xc0000d8720)}
        	            	actual  : []*targetgroup.Group{(*targetgroup.Group)(0xc0000a44e0), (*targetgroup.Group)(0xc0000a4510), (*targetgroup.Group)(0xc0000a45a0), (*targetgroup.Group)(0xc0000a45d0)}
        	            	
        	            	Diff:
        	            	--- Expected
        	            	+++ Actual
        	            	@@ -1,2 +1,2 @@
        	            	-([]*targetgroup.Group) (len=2) {
        	            	+([]*targetgroup.Group) (len=4) {
        	            	  (*targetgroup.Group)({
        	            	@@ -4,3 +4,3 @@
        	            	    (model.LabelSet) (len=1) {
        	            	-    (model.LabelName) (len=12) "__instance__": (model.LabelValue) (len=1) "3"
        	            	+    (model.LabelName) (len=12) "__instance__": (model.LabelValue) (len=1) "1"
        	            	    }
        	            	@@ -13,3 +13,3 @@
        	            	    (model.LabelSet) (len=1) {
        	            	-    (model.LabelName) (len=12) "__instance__": (model.LabelValue) (len=1) "4"
        	            	+    (model.LabelName) (len=12) "__instance__": (model.LabelValue) (len=1) "2"
        	            	    }
        	            	@@ -18,2 +18,20 @@
        	            	   Source: (string) (len=10) "tp1_group2"
        	            	+ }),
        	            	+ (*targetgroup.Group)({
        	            	+  Targets: ([]model.LabelSet) (len=1) {
        	            	+   (model.LabelSet) (len=1) {
        	            	+    (model.LabelName) (len=12) "__instance__": (model.LabelValue) (len=1) "5"
        	            	+   }
        	            	+  },
        	            	+  Labels: (model.LabelSet) <nil>,
        	            	+  Source: (string) (len=10) "tp2_group1"
        	            	+ }),
        	            	+ (*targetgroup.Group)({
        	            	+  Targets: ([]model.LabelSet) (len=1) {
        	            	+   (model.LabelSet) (len=1) {
        	            	+    (model.LabelName) (len=12) "__instance__": (model.LabelValue) (len=1) "6"
        	            	+   }
        	            	+  },
        	            	+  Labels: (model.LabelSet) <nil>,
        	            	+  Source: (string) (len=10) "tp2_group2"
        	            	  })
        	Test:       	TestTargetUpdatesOrder/One_TP_initials_arrive_after_other_TP_updates.
=== RUN   TestTargetUpdatesOrder/Single_TP_empty_update_in_between
-----New Blocking Bug:
---Primitive location:
/fuzz/target/discovery/manager_test.go:679
---Primitive pointer:
0xc0003c0640
-----End Bug
[oraclert]: AfterRun
[oraclert]: AfterRunFuzz
[oraclert]: 2 selects
[oraclert]: CheckBugEnd...
End of unit test. Check bugs

-----FOUND BLOCKING


---Stack:
goroutine 7 [running]:
runtime.DumpAllStack()
	/usr/local/go/src/runtime/myoracle_tmp.go:207 +0x85
gfuzz/pkg/oraclert.AfterRunFuzz(0xc00000c138)
	/usr/local/go/src/gfuzz/pkg/oraclert/oracle.go:369 +0xfd
gfuzz/pkg/oraclert.AfterRun(0xc00000c138)
	/usr/local/go/src/gfuzz/pkg/oraclert/oracle.go:322 +0x73
github.com/prometheus/prometheus/discovery.TestTargetUpdatesOrder(0xc0000c0780)
	/fuzz/target/discovery/manager_test.go:759 +0x64d4
testing.tRunner(0xc0000c0780, 0x91b200)
	/usr/local/go/src/testing/testing.go:1193 +0xef
created by testing.(*T).Run
	/usr/local/go/src/testing/testing.go:1238 +0x2b5

goroutine 1 [chan receive]:
testing.(*T).Run(0xc0000c0780, 0x901c6e, 0x16, 0x91b200, 0x49a666)
	/usr/local/go/src/testing/testing.go:1239 +0x2dc
testing.runTests.func1(0xc0000c0500)
	/usr/local/go/src/testing/testing.go:1511 +0x78
testing.tRunner(0xc0000c0500, 0xc000169c80)
	/usr/local/go/src/testing/testing.go:1193 +0xef
testing.runTests(0xc00000c180, 0xc09ec0, 0x8, 0x8, 0xc1cc419ef185b1a0, 0x7007eb516, 0xc16580, 0x4395a5)
	/usr/local/go/src/testing/testing.go:1509 +0x305
testing.(*M).Run(0xc0000b09c0, 0x0)
	/usr/local/go/src/testing/testing.go:1417 +0x1eb
go.uber.org/goleak.VerifyTestMain(0x98a6e0, 0xc0000b09c0, 0xc000525e70, 0x2, 0x2)
	/go/pkg/mod/go.uber.org/goleak@v1.1.10/testmain.go:53 +0x38
github.com/prometheus/prometheus/util/testutil.TolerantVerifyLeak(0xc0000b09c0)
	/fuzz/target/util/testutil/testing.go:34 +0xd2
github.com/prometheus/prometheus/discovery.TestMain(0xc0000b09c0)
	/fuzz/target/discovery/manager_test.go:40 +0x57
main.main()
	_testmain.go:59 +0x165

goroutine 100 [chan send]:
github.com/prometheus/prometheus/discovery.mockdiscoveryProvider.Run(0xc000072b00, 0x2, 0x2, 0x990868, 0xc0001c0e60, 0xc0001fc900)
	/fuzz/target/discovery/manager_test.go:1308 +0x16b
created by github.com/prometheus/prometheus/discovery.TestTargetUpdatesOrder.func1
	/fuzz/target/discovery/manager_test.go:681 +0x232

goroutine 87 [chan send]:
github.com/prometheus/prometheus/discovery.mockdiscoveryProvider.Run(0xc000072ac0, 0x2, 0x2, 0x990868, 0xc000272000, 0xc000122600)
	/fuzz/target/discovery/manager_test.go:1308 +0x16b
created by github.com/prometheus/prometheus/discovery.TestTargetUpdatesOrder.func1
	/fuzz/target/discovery/manager_test.go:681 +0x232

goroutine 101 [chan send]:
github.com/prometheus/prometheus/discovery.mockdiscoveryProvider.Run(0xc000072b40, 0x2, 0x2, 0x990868, 0xc0001c0e60, 0xc0001fc900)
	/fuzz/target/discovery/manager_test.go:1308 +0x16b
created by github.com/prometheus/prometheus/discovery.TestTargetUpdatesOrder.func1
	/fuzz/target/discovery/manager_test.go:681 +0x232

--- FAIL: TestTargetUpdatesOrder (28.52s)
    --- PASS: TestTargetUpdatesOrder/Single_TP_no_updates (0.00s)
    --- PASS: TestTargetUpdatesOrder/Multiple_TPs_no_updates (0.00s)
    --- PASS: TestTargetUpdatesOrder/Single_TP_empty_initials (1.50s)
    --- PASS: TestTargetUpdatesOrder/Multiple_TPs_empty_initials (4.50s)
    --- PASS: TestTargetUpdatesOrder/Single_TP_initials_only (1.50s)
    --- PASS: TestTargetUpdatesOrder/Multiple_TPs_initials_only (3.00s)
    --- PASS: TestTargetUpdatesOrder/Single_TP_initials_followed_by_empty_updates (3.00s)
    --- PASS: TestTargetUpdatesOrder/Single_TP_initials_and_new_groups (3.00s)
    --- FAIL: TestTargetUpdatesOrder/Multiple_TPs_initials_and_new_groups (4.50s)
    --- FAIL: TestTargetUpdatesOrder/One_TP_initials_arrive_after_other_TP_updates. (3.00s)
    --- PASS: TestTargetUpdatesOrder/Single_TP_empty_update_in_between (4.50s)
FAIL
